# JRE version: OpenJDK Runtime Environment (8.0_212-b03) (build 1.8.0_212-8u212-b03-0ubuntu1.19.04.2-b03)
# Java VM: OpenJDK 64-Bit Server VM (25.212-b03 mixed mode linux-amd64 compressed oops)
Heap:
 PSYoungGen      total 162304K, used 8490K [0x00000000e1b00000, 0x00000000ec880000, 0x0000000100000000)
  eden space 148480K, 0% used [0x00000000e1b00000,0x00000000e1b00000,0x00000000eac00000)
  from space 13824K, 61% used [0x00000000eac00000,0x00000000eb44a980,0x00000000eb980000)
  to   space 10752K, 0% used [0x00000000eb980000,0x00000000eb980000,0x00000000ec400000)
 ParOldGen       total 45056K, used 15250K [0x00000000a5000000, 0x00000000a7c00000, 0x00000000e1b00000)
  object space 45056K, 33% used [0x00000000a5000000,0x00000000a5ee4948,0x00000000a7c00000)
 Metaspace       used 33560K, capacity 35240K, committed 35416K, reserved 1079296K
  class space    used 4378K, capacity 4712K, committed 4736K, reserved 1048576K
GC Heap History (10 events):
Event: 1.654 GC heap after
Heap after GC invocations=3 (full 0):
 PSYoungGen      total 51712K, used 3560K [0x00000000e1b00000, 0x00000000e8000000, 0x0000000100000000)
  eden space 48128K, 0% used [0x00000000e1b00000,0x00000000e1b00000,0x00000000e4a00000)
  from space 3584K, 99% used [0x00000000e4a00000,0x00000000e4d7a0f8,0x00000000e4d80000)
  to   space 3584K, 0% used [0x00000000e7c80000,0x00000000e7c80000,0x00000000e8000000)
 ParOldGen       total 62976K, used 6394K [0x00000000a5000000, 0x00000000a8d80000, 0x00000000e1b00000)
  object space 62976K, 10% used [0x00000000a5000000,0x00000000a563eac0,0x00000000a8d80000)
 Metaspace       used 17545K, capacity 17988K, committed 18304K, reserved 1064960K
  class space    used 2266K, capacity 2398K, committed 2432K, reserved 1048576K
}
Event: 1.845 GC heap before
{Heap before GC invocations=4 (full 0):
 PSYoungGen      total 51712K, used 26646K [0x00000000e1b00000, 0x00000000e8000000, 0x0000000100000000)
  eden space 48128K, 47% used [0x00000000e1b00000,0x00000000e318b838,0x00000000e4a00000)
  from space 3584K, 99% used [0x00000000e4a00000,0x00000000e4d7a0f8,0x00000000e4d80000)
  to   space 3584K, 0% used [0x00000000e7c80000,0x00000000e7c80000,0x00000000e8000000)
 ParOldGen       total 62976K, used 6394K [0x00000000a5000000, 0x00000000a8d80000, 0x00000000e1b00000)
  object space 62976K, 10% used [0x00000000a5000000,0x00000000a563eac0,0x00000000a8d80000)
 Metaspace       used 20660K, capacity 21162K, committed 21248K, reserved 1067008K
  class space    used 2637K, capacity 2795K, committed 2816K, reserved 1048576K
Event: 1.856 GC heap after
Heap after GC invocations=4 (full 0):
 PSYoungGen      total 99840K, used 3566K [0x00000000e1b00000, 0x00000000e8000000, 0x0000000100000000)
  eden space 96256K, 0% used [0x00000000e1b00000,0x00000000e1b00000,0x00000000e7900000)
  from space 3584K, 99% used [0x00000000e7c80000,0x00000000e7ffb9f0,0x00000000e8000000)
  to   space 3584K, 0% used [0x00000000e7900000,0x00000000e7900000,0x00000000e7c80000)
 ParOldGen       total 62976K, used 9195K [0x00000000a5000000, 0x00000000a8d80000, 0x00000000e1b00000)
  object space 62976K, 14% used [0x00000000a5000000,0x00000000a58fad48,0x00000000a8d80000)
 Metaspace       used 20660K, capacity 21162K, committed 21248K, reserved 1067008K
  class space    used 2637K, capacity 2795K, committed 2816K, reserved 1048576K
}
Event: 1.856 GC heap before
{Heap before GC invocations=5 (full 1):
 PSYoungGen      total 99840K, used 3566K [0x00000000e1b00000, 0x00000000e8000000, 0x0000000100000000)
  eden space 96256K, 0% used [0x00000000e1b00000,0x00000000e1b00000,0x00000000e7900000)
  from space 3584K, 99% used [0x00000000e7c80000,0x00000000e7ffb9f0,0x00000000e8000000)
  to   space 3584K, 0% used [0x00000000e7900000,0x00000000e7900000,0x00000000e7c80000)
 ParOldGen       total 62976K, used 9195K [0x00000000a5000000, 0x00000000a8d80000, 0x00000000e1b00000)
  object space 62976K, 14% used [0x00000000a5000000,0x00000000a58fad48,0x00000000a8d80000)
 Metaspace       used 20660K, capacity 21162K, committed 21248K, reserved 1067008K
  class space    used 2637K, capacity 2795K, committed 2816K, reserved 1048576K
Event: 1.898 GC heap after
Heap after GC invocations=5 (full 1):
 PSYoungGen      total 99840K, used 0K [0x00000000e1b00000, 0x00000000e8000000, 0x0000000100000000)
  eden space 96256K, 0% used [0x00000000e1b00000,0x00000000e1b00000,0x00000000e7900000)
  from space 3584K, 0% used [0x00000000e7c80000,0x00000000e7c80000,0x00000000e8000000)
  to   space 3584K, 0% used [0x00000000e7900000,0x00000000e7900000,0x00000000e7c80000)
 ParOldGen       total 45056K, used 6980K [0x00000000a5000000, 0x00000000a7c00000, 0x00000000e1b00000)
  object space 45056K, 15% used [0x00000000a5000000,0x00000000a56d1158,0x00000000a7c00000)
 Metaspace       used 20660K, capacity 21162K, committed 21248K, reserved 1067008K
  class space    used 2637K, capacity 2795K, committed 2816K, reserved 1048576K
}
Event: 3.687 GC heap before
{Heap before GC invocations=6 (full 1):
 PSYoungGen      total 99840K, used 96256K [0x00000000e1b00000, 0x00000000e8000000, 0x0000000100000000)
  eden space 96256K, 100% used [0x00000000e1b00000,0x00000000e7900000,0x00000000e7900000)
  from space 3584K, 0% used [0x00000000e7c80000,0x00000000e7c80000,0x00000000e8000000)
  to   space 3584K, 0% used [0x00000000e7900000,0x00000000e7900000,0x00000000e7c80000)
 ParOldGen       total 45056K, used 6980K [0x00000000a5000000, 0x00000000a7c00000, 0x00000000e1b00000)
  object space 45056K, 15% used [0x00000000a5000000,0x00000000a56d1158,0x00000000a7c00000)
 Metaspace       used 26628K, capacity 27768K, committed 27904K, reserved 1073152K
  class space    used 3479K, capacity 3740K, committed 3840K, reserved 1048576K
Event: 3.696 GC heap after
Heap after GC invocations=6 (full 1):
 PSYoungGen      total 99840K, used 3552K [0x00000000e1b00000, 0x00000000ec400000, 0x0000000100000000)
  eden space 96256K, 0% used [0x00000000e1b00000,0x00000000e1b00000,0x00000000e7900000)
  from space 3584K, 99% used [0x00000000e7900000,0x00000000e7c78020,0x00000000e7c80000)
  to   space 10752K, 0% used [0x00000000eb980000,0x00000000eb980000,0x00000000ec400000)
 ParOldGen       total 45056K, used 13284K [0x00000000a5000000, 0x00000000a7c00000, 0x00000000e1b00000)
  object space 45056K, 29% used [0x00000000a5000000,0x00000000a5cf9190,0x00000000a7c00000)
 Metaspace       used 26628K, capacity 27768K, committed 27904K, reserved 1073152K
  class space    used 3479K, capacity 3740K, committed 3840K, reserved 1048576K
}
Event: 4.736 GC heap before
{Heap before GC invocations=7 (full 1):
 PSYoungGen      total 99840K, used 99808K [0x00000000e1b00000, 0x00000000ec400000, 0x0000000100000000)
  eden space 96256K, 100% used [0x00000000e1b00000,0x00000000e7900000,0x00000000e7900000)
  from space 3584K, 99% used [0x00000000e7900000,0x00000000e7c78020,0x00000000e7c80000)
  to   space 10752K, 0% used [0x00000000eb980000,0x00000000eb980000,0x00000000ec400000)
 ParOldGen       total 45056K, used 13284K [0x00000000a5000000, 0x00000000a7c00000, 0x00000000e1b00000)
  object space 45056K, 29% used [0x00000000a5000000,0x00000000a5cf9190,0x00000000a7c00000)
 Metaspace       used 32624K, capacity 34292K, committed 34560K, reserved 1079296K
  class space    used 4250K, capacity 4562K, committed 4608K, reserved 1048576K
Event: 4.760 GC heap after
Heap after GC invocations=7 (full 1):
 PSYoungGen      total 159232K, used 10744K [0x00000000e1b00000, 0x00000000ec880000, 0x0000000100000000)
  eden space 148480K, 0% used [0x00000000e1b00000,0x00000000e1b00000,0x00000000eac00000)
  from space 10752K, 99% used [0x00000000eb980000,0x00000000ec3fe2d8,0x00000000ec400000)
  to   space 13824K, 0% used [0x00000000eac00000,0x00000000eac00000,0x00000000eb980000)
 ParOldGen       total 45056K, used 15242K [0x00000000a5000000, 0x00000000a7c00000, 0x00000000e1b00000)
  object space 45056K, 33% used [0x00000000a5000000,0x00000000a5ee2948,0x00000000a7c00000)
 Metaspace       used 32624K, capacity 34292K, committed 34560K, reserved 1079296K
  class space    used 4250K, capacity 4562K, committed 4608K, reserved 1048576K
}
Event: 126.104 GC heap before
{Heap before GC invocations=8 (full 1):
 PSYoungGen      total 159232K, used 51118K [0x00000000e1b00000, 0x00000000ec880000, 0x0000000100000000)
  eden space 148480K, 27% used [0x00000000e1b00000,0x00000000e426d690,0x00000000eac00000)
  from space 10752K, 99% used [0x00000000eb980000,0x00000000ec3fe2d8,0x00000000ec400000)
  to   space 13824K, 0% used [0x00000000eac00000,0x00000000eac00000,0x00000000eb980000)
 ParOldGen       total 45056K, used 15242K [0x00000000a5000000, 0x00000000a7c00000, 0x00000000e1b00000)
  object space 45056K, 33% used [0x00000000a5000000,0x00000000a5ee2948,0x00000000a7c00000)
 Metaspace       used 33560K, capacity 35240K, committed 35416K, reserved 1079296K
  class space    used 4378K, capacity 4712K, committed 4736K, reserved 1048576K

